rm -f `find . -type f -name \*.py[co]`
rm -f `find . -type f -name \*.so`
rm -f `find . -type f -name .\*~`
rm -f `find . -type f -name \*.orig`
rm -f `find . -type f -name \*.bak`
rm -f `find . -type f -name \*.rej`
rm -rf `find . -type d -name __pycache__`
rm -rf *.egg-info
rm -rf *\estfile*
rm -rf build
rm -rf dist
rm -rf docs/_build
python setup.py build
running build
running build_py
creating build
creating build/lib.macosx-10.8-intel-2.7
creating build/lib.macosx-10.8-intel-2.7/psutil
copying psutil/__init__.py -> build/lib.macosx-10.8-intel-2.7/psutil
copying psutil/_common.py -> build/lib.macosx-10.8-intel-2.7/psutil
copying psutil/_compat.py -> build/lib.macosx-10.8-intel-2.7/psutil
copying psutil/_psbsd.py -> build/lib.macosx-10.8-intel-2.7/psutil
copying psutil/_pslinux.py -> build/lib.macosx-10.8-intel-2.7/psutil
copying psutil/_psosx.py -> build/lib.macosx-10.8-intel-2.7/psutil
copying psutil/_psposix.py -> build/lib.macosx-10.8-intel-2.7/psutil
copying psutil/_pssunos.py -> build/lib.macosx-10.8-intel-2.7/psutil
copying psutil/_pswindows.py -> build/lib.macosx-10.8-intel-2.7/psutil
running build_ext
building '_psutil_osx' extension
creating build/temp.macosx-10.8-intel-2.7
creating build/temp.macosx-10.8-intel-2.7/psutil
creating build/temp.macosx-10.8-intel-2.7/psutil/arch
creating build/temp.macosx-10.8-intel-2.7/psutil/arch/osx
clang -fno-strict-aliasing -fno-common -dynamic -g -Os -pipe -fno-common -fno-strict-aliasing -fwrapv -mno-fused-madd -DENABLE_DTRACE -DMACOSX -DNDEBUG -Wall -Wstrict-prototypes -Wshorten-64-to-32 -DNDEBUG -g -Os -Wall -Wstrict-prototypes -DENABLE_DTRACE -arch i386 -arch x86_64 -pipe -I/System/Library/Frameworks/Python.framework/Versions/2.7/include/python2.7 -c psutil/_psutil_osx.c -o build/temp.macosx-10.8-intel-2.7/psutil/_psutil_osx.o
clang: warning: argument unused during compilation: '-mno-fused-madd'
psutil/_psutil_osx.c:341:48: warning: format specifies type 'unsigned long' but the argument has type 'vm_address_t' (aka 'unsigned int') [-Wformat]
            sprintf(addr_str, "%016lx-%016lx", address, address + size);
                               ~~~~~~          ^~~~~~~
                               %016x
/usr/include/secure/_stdio.h:49:56: note: expanded from macro 'sprintf'
  __builtin___sprintf_chk (str, 0, __darwin_obsz(str), __VA_ARGS__)
                                                       ^
psutil/_psutil_osx.c:341:57: warning: format specifies type 'unsigned long' but the argument has type 'unsigned int' [-Wformat]
            sprintf(addr_str, "%016lx-%016lx", address, address + size);
                                      ~~~~~~            ^~~~~~~~~~~~~~
                                      %016x
/usr/include/secure/_stdio.h:49:56: note: expanded from macro 'sprintf'
  __builtin___sprintf_chk (str, 0, __darwin_obsz(str), __VA_ARGS__)
                                                       ^
2 warnings generated.
psutil/_psutil_osx.c:126:31: warning: implicit conversion loses integer precision: 'long' to 'pid_t' (aka 'int') [-Wshorten-64-to-32]
    if (psutil_get_kinfo_proc(pid, &kp) == -1) {
        ~~~~~~~~~~~~~~~~~~~~~ ^~~
psutil/_psutil_osx.c:168:24: warning: implicit conversion loses integer precision: 'long' to 'int' [-Wshorten-64-to-32]
    ret = proc_pidpath(pid, &buf, sizeof(buf));
          ~~~~~~~~~~~~ ^~~
psutil/_psutil_osx.c:211:31: warning: implicit conversion loses integer precision: 'long' to 'pid_t' (aka 'int') [-Wshorten-64-to-32]
    if (psutil_get_kinfo_proc(pid, &kp) == -1) {
        ~~~~~~~~~~~~~~~~~~~~~ ^~~
psutil/_psutil_osx.c:229:31: warning: implicit conversion loses integer precision: 'long' to 'pid_t' (aka 'int') [-Wshorten-64-to-32]
    if (psutil_get_kinfo_proc(pid, &kp) == -1) {
        ~~~~~~~~~~~~~~~~~~~~~ ^~~
psutil/_psutil_osx.c:250:31: warning: implicit conversion loses integer precision: 'long' to 'pid_t' (aka 'int') [-Wshorten-64-to-32]
    if (psutil_get_kinfo_proc(pid, &kp) == -1) {
        ~~~~~~~~~~~~~~~~~~~~~ ^~~
psutil/_psutil_osx.c:271:31: warning: implicit conversion loses integer precision: 'long' to 'pid_t' (aka 'int') [-Wshorten-64-to-32]
    if (psutil_get_kinfo_proc(pid, &kp) == -1) {
        ~~~~~~~~~~~~~~~~~~~~~ ^~~
psutil/_psutil_osx.c:306:42: warning: implicit conversion loses integer precision: 'long' to 'int' [-Wshorten-64-to-32]
    err = task_for_pid(mach_task_self(), pid, &task);
          ~~~~~~~~~~~~                   ^~~
psutil/_psutil_osx.c:350:39: warning: implicit conversion loses integer precision: 'long' to 'int' [-Wshorten-64-to-32]
            err = proc_regionfilename(pid, address, buf, sizeof(buf));
                  ~~~~~~~~~~~~~~~~~~~ ^~~
psutil/_psutil_osx.c:502:31: warning: implicit conversion loses integer precision: 'long' to 'pid_t' (aka 'int') [-Wshorten-64-to-32]
    if (psutil_get_kinfo_proc(pid, &kp) == -1) {
        ~~~~~~~~~~~~~~~~~~~~~ ^~~
psutil/_psutil_osx.c:808:25: warning: implicit conversion loses integer precision: 'long' to 'int' [-Wshorten-64-to-32]
    num = getfsstat(fs, len, MNT_NOWAIT);
          ~~~~~~~~~     ^~~
psutil/_psutil_osx.c:906:31: warning: implicit conversion loses integer precision: 'long' to 'pid_t' (aka 'int') [-Wshorten-64-to-32]
    if (psutil_get_kinfo_proc(pid, &kp) == -1) {
        ~~~~~~~~~~~~~~~~~~~~~ ^~~
psutil/_psutil_osx.c:942:42: warning: implicit conversion loses integer precision: 'long' to 'int' [-Wshorten-64-to-32]
    err = task_for_pid(mach_task_self(), pid, &task);
          ~~~~~~~~~~~~                   ^~~
psutil/_psutil_osx.c:1055:35: warning: implicit conversion loses integer precision: 'long' to 'int' [-Wshorten-64-to-32]
    pidinfo_result = proc_pidinfo(pid, PROC_PIDLISTFDS, 0, NULL, 0);
                     ~~~~~~~~~~~~ ^~~
psutil/_psutil_osx.c:1068:35: warning: implicit conversion loses integer precision: 'long' to 'int' [-Wshorten-64-to-32]
    pidinfo_result = proc_pidinfo(pid, PROC_PIDLISTFDS, 0, fds_pointer,
                     ~~~~~~~~~~~~ ^~~
psutil/_psutil_osx.c:1085:33: warning: implicit conversion loses integer precision: 'long' to 'int' [-Wshorten-64-to-32]
            nb = proc_pidfdinfo(pid,
                 ~~~~~~~~~~~~~~ ^~~
psutil/_psutil_osx.c:1191:35: warning: implicit conversion loses integer precision: 'long' to 'int' [-Wshorten-64-to-32]
    pidinfo_result = proc_pidinfo(pid, PROC_PIDLISTFDS, 0, NULL, 0);
                     ~~~~~~~~~~~~ ^~~
psutil/_psutil_osx.c:1201:35: warning: implicit conversion loses integer precision: 'long' to 'int' [-Wshorten-64-to-32]
    pidinfo_result = proc_pidinfo(pid, PROC_PIDLISTFDS, 0, fds_pointer,
                     ~~~~~~~~~~~~ ^~~
psutil/_psutil_osx.c:1219:33: warning: implicit conversion loses integer precision: 'long' to 'int' [-Wshorten-64-to-32]
            nb = proc_pidfdinfo(pid, fdp_pointer->proc_fd,
                 ~~~~~~~~~~~~~~ ^~~
psutil/_psutil_osx.c:1393:35: warning: implicit conversion loses integer precision: 'long' to 'int' [-Wshorten-64-to-32]
    pidinfo_result = proc_pidinfo(pid, PROC_PIDLISTFDS, 0, NULL, 0);
                     ~~~~~~~~~~~~ ^~~
psutil/_psutil_osx.c:1402:35: warning: implicit conversion loses integer precision: 'long' to 'int' [-Wshorten-64-to-32]
    pidinfo_result = proc_pidinfo(pid, PROC_PIDLISTFDS, 0, fds_pointer,
                     ~~~~~~~~~~~~ ^~~
20 warnings generated.
clang -fno-strict-aliasing -fno-common -dynamic -g -Os -pipe -fno-common -fno-strict-aliasing -fwrapv -mno-fused-madd -DENABLE_DTRACE -DMACOSX -DNDEBUG -Wall -Wstrict-prototypes -Wshorten-64-to-32 -DNDEBUG -g -Os -Wall -Wstrict-prototypes -DENABLE_DTRACE -arch i386 -arch x86_64 -pipe -I/System/Library/Frameworks/Python.framework/Versions/2.7/include/python2.7 -c psutil/_psutil_common.c -o build/temp.macosx-10.8-intel-2.7/psutil/_psutil_common.o
clang: warning: argument unused during compilation: '-mno-fused-madd'
clang -fno-strict-aliasing -fno-common -dynamic -g -Os -pipe -fno-common -fno-strict-aliasing -fwrapv -mno-fused-madd -DENABLE_DTRACE -DMACOSX -DNDEBUG -Wall -Wstrict-prototypes -Wshorten-64-to-32 -DNDEBUG -g -Os -Wall -Wstrict-prototypes -DENABLE_DTRACE -arch i386 -arch x86_64 -pipe -I/System/Library/Frameworks/Python.framework/Versions/2.7/include/python2.7 -c psutil/arch/osx/process_info.c -o build/temp.macosx-10.8-intel-2.7/psutil/arch/osx/process_info.o
clang: warning: argument unused during compilation: '-mno-fused-madd'
psutil/arch/osx/process_info.c:40:21: warning: implicit conversion loses integer precision: 'long' to 'pid_t' (aka 'int') [-Wshorten-64-to-32]
    kill_ret = kill(pid , 0);
               ~~~~ ^~~
psutil/arch/osx/process_info.c:176:14: warning: implicit conversion loses integer precision: 'long' to 'int' [-Wshorten-64-to-32]
    mib[2] = pid;
           ~ ^~~
psutil/arch/osx/process_info.c:194:11: warning: implicit conversion loses integer precision: 'size_t' (aka 'unsigned long') to 'int' [-Wshorten-64-to-32]
    len = strlen(arg_ptr);
        ~ ^~~~~~~~~~~~~~~
3 warnings generated.
clang -bundle -undefined dynamic_lookup -Wl,-F. -arch i386 -arch x86_64 build/temp.macosx-10.8-intel-2.7/psutil/_psutil_osx.o build/temp.macosx-10.8-intel-2.7/psutil/_psutil_common.o build/temp.macosx-10.8-intel-2.7/psutil/arch/osx/process_info.o -o build/lib.macosx-10.8-intel-2.7/_psutil_osx.so -framework CoreFoundation -framework IOKit
building '_psutil_posix' extension
clang -fno-strict-aliasing -fno-common -dynamic -g -Os -pipe -fno-common -fno-strict-aliasing -fwrapv -mno-fused-madd -DENABLE_DTRACE -DMACOSX -DNDEBUG -Wall -Wstrict-prototypes -Wshorten-64-to-32 -DNDEBUG -g -Os -Wall -Wstrict-prototypes -DENABLE_DTRACE -arch i386 -arch x86_64 -pipe -I/System/Library/Frameworks/Python.framework/Versions/2.7/include/python2.7 -c psutil/_psutil_posix.c -o build/temp.macosx-10.8-intel-2.7/psutil/_psutil_posix.o
clang: warning: argument unused during compilation: '-mno-fused-madd'
psutil/_psutil_posix.c:29:42: warning: implicit conversion loses integer precision: 'long' to 'id_t' (aka 'unsigned int') [-Wshorten-64-to-32]
    priority = getpriority(PRIO_PROCESS, pid);
               ~~~~~~~~~~~               ^~~
psutil/_psutil_posix.c:49:40: warning: implicit conversion loses integer precision: 'long' to 'id_t' (aka 'unsigned int') [-Wshorten-64-to-32]
    retval = setpriority(PRIO_PROCESS, pid, priority);
             ~~~~~~~~~~~               ^~~
2 warnings generated.
clang -bundle -undefined dynamic_lookup -Wl,-F. -arch i386 -arch x86_64 build/temp.macosx-10.8-intel-2.7/psutil/_psutil_posix.o -o build/lib.macosx-10.8-intel-2.7/_psutil_posix.so
